<?xml version="1.0" ?>
<!DOCTYPE coverage SYSTEM "http://cobertura.sourceforge.net/xml/coverage-04.dtd">
<coverage lines-valid="125" lines-covered="120" line-rate="0.96" branches-valid="52" branches-covered="47" branch-rate="0.9037999999999999" timestamp="1689055704859" complexity="0" version="0.1">
  <sources>
    <source>C:\Users\Daniel\Documents\Education\Uni\Internship\CPF\CPF-Dev-Portal\src\node</source>
  </sources>
  <packages>
    <package name="main" line-rate="0.96" branch-rate="0.9037999999999999">
      <classes>
        <class name="unit_test.js" filename="unit_test\unit_test.js" line-rate="0.96" branch-rate="0.9037999999999999">
          <methods>
            <method name="(anonymous_0)" hits="62121" signature="()V">
              <lines>
                <line number="30" hits="62121"/>
              </lines>
            </method>
            <method name="(anonymous_1)" hits="49603" signature="()V">
              <lines>
                <line number="40" hits="49603"/>
              </lines>
            </method>
            <method name="(anonymous_2)" hits="3" signature="()V">
              <lines>
                <line number="47" hits="3"/>
              </lines>
            </method>
            <method name="addWordsWordsNinja" hits="1" signature="()V">
              <lines>
                <line number="53" hits="1"/>
              </lines>
            </method>
            <method name="(anonymous_4)" hits="66826" signature="()V">
              <lines>
                <line number="58" hits="66826"/>
              </lines>
            </method>
            <method name="getPathSegments" hits="82" signature="()V">
              <lines>
                <line number="69" hits="82"/>
              </lines>
            </method>
            <method name="wordInCustomDict" hits="665" signature="()V">
              <lines>
                <line number="88" hits="665"/>
              </lines>
            </method>
            <method name="checkPathCharacters" hits="41" signature="()V">
              <lines>
                <line number="101" hits="41"/>
              </lines>
            </method>
            <method name="checkPathLength" hits="42" signature="()V">
              <lines>
                <line number="106" hits="42"/>
              </lines>
            </method>
            <method name="checkAPIProduct" hits="41" signature="()V">
              <lines>
                <line number="111" hits="41"/>
              </lines>
            </method>
            <method name="checkPathVersion" hits="43" signature="()V">
              <lines>
                <line number="130" hits="43"/>
              </lines>
            </method>
            <method name="checkMatchingVersion" hits="41" signature="()V">
              <lines>
                <line number="146" hits="41"/>
              </lines>
            </method>
            <method name="checkCamelCasing" hits="41" signature="()V">
              <lines>
                <line number="165" hits="41"/>
              </lines>
            </method>
            <method name="checkPathSpelling" hits="41" signature="()V">
              <lines>
                <line number="188" hits="41"/>
              </lines>
            </method>
            <method name="checkVerb" hits="42" signature="()V">
              <lines>
                <line number="213" hits="42"/>
              </lines>
            </method>
          </methods>
          <lines>
            <line number="5" hits="1" branch="false"/>
            <line number="6" hits="1" branch="false"/>
            <line number="8" hits="1" branch="false"/>
            <line number="10" hits="1" branch="false"/>
            <line number="11" hits="1" branch="false"/>
            <line number="12" hits="1" branch="false"/>
            <line number="13" hits="1" branch="false"/>
            <line number="17" hits="1" branch="false"/>
            <line number="18" hits="1" branch="false"/>
            <line number="24" hits="1" branch="false"/>
            <line number="26" hits="1" branch="false"/>
            <line number="27" hits="1" branch="false"/>
            <line number="28" hits="1" branch="false"/>
            <line number="29" hits="1" branch="false"/>
            <line number="30" hits="1" branch="false"/>
            <line number="31" hits="62121" branch="false"/>
            <line number="32" hits="62121" branch="true" condition-coverage="100% (2/2)"/>
            <line number="33" hits="62113" branch="false"/>
            <line number="37" hits="1" branch="false"/>
            <line number="38" hits="1" branch="false"/>
            <line number="39" hits="1" branch="false"/>
            <line number="40" hits="1" branch="false"/>
            <line number="41" hits="49603" branch="false"/>
            <line number="42" hits="49603" branch="true" condition-coverage="100% (2/2)"/>
            <line number="43" hits="49602" branch="false"/>
            <line number="47" hits="1" branch="false"/>
            <line number="48" hits="3" branch="false"/>
            <line number="51" hits="1" branch="false"/>
            <line number="54" hits="1" branch="false"/>
            <line number="55" hits="1" branch="false"/>
            <line number="56" hits="1" branch="false"/>
            <line number="57" hits="1" branch="false"/>
            <line number="58" hits="66826" branch="false"/>
            <line number="59" hits="1" branch="true" condition-coverage="50% (1/2)"/>
            <line number="60" hits="0" branch="false"/>
            <line number="61" hits="0" branch="false"/>
            <line number="64" hits="0" branch="false"/>
            <line number="65" hits="0" branch="false"/>
            <line number="70" hits="82" branch="false"/>
            <line number="71" hits="82" branch="false"/>
            <line number="72" hits="82" branch="true" condition-coverage="100% (2/2)"/>
            <line number="73" hits="6" branch="false"/>
            <line number="75" hits="76" branch="true" condition-coverage="100% (2/2)"/>
            <line number="76" hits="74" branch="false"/>
            <line number="78" hits="2" branch="true" condition-coverage="50% (1/2)"/>
            <line number="79" hits="2" branch="false"/>
            <line number="81" hits="82" branch="false"/>
            <line number="82" hits="82" branch="false"/>
            <line number="83" hits="82" branch="false"/>
            <line number="85" hits="82" branch="false"/>
            <line number="89" hits="665" branch="false"/>
            <line number="90" hits="1983" branch="true" condition-coverage="100% (2/2)"/>
            <line number="91" hits="15" branch="false"/>
            <line number="94" hits="650" branch="false"/>
            <line number="102" hits="41" branch="false"/>
            <line number="103" hits="41" branch="false"/>
            <line number="107" hits="42" branch="false"/>
            <line number="108" hits="42" branch="true" condition-coverage="100% (3/3)"/>
            <line number="112" hits="41" branch="false"/>
            <line number="113" hits="41" branch="false"/>
            <line number="114" hits="41" branch="false"/>
            <line number="127" hits="41" branch="false"/>
            <line number="131" hits="43" branch="false"/>
            <line number="132" hits="43" branch="false"/>
            <line number="133" hits="43" branch="true" condition-coverage="100% (2/2)"/>
            <line number="134" hits="3" branch="false"/>
            <line number="136" hits="40" branch="true" condition-coverage="100% (2/2)"/>
            <line number="137" hits="39" branch="false"/>
            <line number="139" hits="1" branch="true" condition-coverage="50% (1/2)"/>
            <line number="140" hits="1" branch="false"/>
            <line number="142" hits="43" branch="false"/>
            <line number="143" hits="43" branch="true" condition-coverage="100% (3/3)"/>
            <line number="147" hits="41" branch="false"/>
            <line number="148" hits="41" branch="false"/>
            <line number="149" hits="41" branch="true" condition-coverage="100% (2/2)"/>
            <line number="150" hits="3" branch="false"/>
            <line number="152" hits="38" branch="true" condition-coverage="100% (2/2)"/>
            <line number="153" hits="37" branch="false"/>
            <line number="155" hits="1" branch="true" condition-coverage="50% (1/2)"/>
            <line number="156" hits="1" branch="false"/>
            <line number="158" hits="41" branch="false"/>
            <line number="160" hits="41" branch="false"/>
            <line number="162" hits="41" branch="false"/>
            <line number="166" hits="41" branch="false"/>
            <line number="167" hits="41" branch="false"/>
            <line number="168" hits="41" branch="false"/>
            <line number="169" hits="121" branch="false"/>
            <line number="170" hits="121" branch="false"/>
            <line number="171" hits="329" branch="true" condition-coverage="100% (5/5)"/>
            <line number="172" hits="6" branch="true" condition-coverage="100% (2/2)"/>
            <line number="173" hits="4" branch="false"/>
            <line number="175" hits="2" branch="false"/>
            <line number="176" hits="2" branch="false"/>
            <line number="180" hits="41" branch="true" condition-coverage="100% (2/2)"/>
            <line number="181" hits="1" branch="false"/>
            <line number="182" hits="1" branch="false"/>
            <line number="183" hits="1" branch="false"/>
            <line number="185" hits="40" branch="false"/>
            <line number="189" hits="41" branch="false"/>
            <line number="191" hits="41" branch="false"/>
            <line number="192" hits="41" branch="false"/>
            <line number="193" hits="41" branch="false"/>
            <line number="194" hits="121" branch="false"/>
            <line number="195" hits="121" branch="false"/>
            <line number="196" hits="336" branch="true" condition-coverage="100% (5/5)"/>
            <line number="197" hits="2" branch="true" condition-coverage="50% (1/2)"/>
            <line number="198" hits="0" branch="false"/>
            <line number="200" hits="2" branch="false"/>
            <line number="201" hits="2" branch="false"/>
            <line number="205" hits="41" branch="true" condition-coverage="100% (2/2)"/>
            <line number="206" hits="1" branch="false"/>
            <line number="207" hits="1" branch="false"/>
            <line number="208" hits="1" branch="false"/>
            <line number="210" hits="40" branch="false"/>
            <line number="214" hits="42" branch="false"/>
            <line number="215" hits="42" branch="false"/>
            <line number="216" hits="42" branch="true" condition-coverage="100% (2/2)"/>
            <line number="217" hits="1" branch="false"/>
            <line number="220" hits="41" branch="false"/>
            <line number="221" hits="41" branch="false"/>
            <line number="223" hits="41" branch="false"/>
            <line number="225" hits="41" branch="false"/>
            <line number="230" hits="1" branch="false"/>
            <line number="231" hits="1" branch="false"/>
            <line number="233" hits="1" branch="false"/>
          </lines>
        </class>
      </classes>
    </package>
  </packages>
</coverage>
