<?xml version="1.0" ?>
<!DOCTYPE coverage SYSTEM "http://cobertura.sourceforge.net/xml/coverage-04.dtd">
<coverage lines-valid="130" lines-covered="113" line-rate="0.8692" branches-valid="48" branches-covered="43" branch-rate="0.8957999999999999" timestamp="1688959519635" complexity="0" version="0.1">
  <sources>
    <source>C:\Users\danie\Documents\CPF\CPF Validator Tool\CPF-Dev-Portal\src\node</source>
  </sources>
  <packages>
    <package name="main" line-rate="0.8692" branch-rate="0.8957999999999999">
      <classes>
        <class name="unit_test.js" filename="unit_test\unit_test.js" line-rate="0.8692" branch-rate="0.8957999999999999">
          <methods>
            <method name="(anonymous_0)" hits="2" signature="()V">
              <lines>
                <line number="28" hits="2"/>
              </lines>
            </method>
            <method name="getPathSegments" hits="80" signature="()V">
              <lines>
                <line number="34" hits="80"/>
              </lines>
            </method>
            <method name="wordInCustomDict" hits="651" signature="()V">
              <lines>
                <line number="53" hits="651"/>
              </lines>
            </method>
            <method name="checkPathCharacters" hits="40" signature="()V">
              <lines>
                <line number="68" hits="40"/>
              </lines>
            </method>
            <method name="checkPathLength" hits="40" signature="()V">
              <lines>
                <line number="78" hits="40"/>
              </lines>
            </method>
            <method name="checkAPIProduct" hits="40" signature="()V">
              <lines>
                <line number="88" hits="40"/>
              </lines>
            </method>
            <method name="checkPathVersion" hits="40" signature="()V">
              <lines>
                <line number="112" hits="40"/>
              </lines>
            </method>
            <method name="checkMatchingVersion" hits="40" signature="()V">
              <lines>
                <line number="133" hits="40"/>
              </lines>
            </method>
            <method name="checkCamelCasing" hits="40" signature="()V">
              <lines>
                <line number="157" hits="40"/>
              </lines>
            </method>
            <method name="checkPathSpelling" hits="40" signature="()V">
              <lines>
                <line number="185" hits="40"/>
              </lines>
            </method>
            <method name="checkVerb" hits="40" signature="()V">
              <lines>
                <line number="215" hits="40"/>
              </lines>
            </method>
          </methods>
          <lines>
            <line number="5" hits="1" branch="false"/>
            <line number="6" hits="1" branch="false"/>
            <line number="8" hits="1" branch="false"/>
            <line number="10" hits="1" branch="false"/>
            <line number="11" hits="1" branch="false"/>
            <line number="12" hits="1" branch="false"/>
            <line number="13" hits="1" branch="false"/>
            <line number="17" hits="1" branch="false"/>
            <line number="18" hits="1" branch="false"/>
            <line number="24" hits="1" branch="false"/>
            <line number="25" hits="1" branch="false"/>
            <line number="26" hits="1" branch="false"/>
            <line number="27" hits="1" branch="false"/>
            <line number="28" hits="2" branch="false"/>
            <line number="29" hits="1" branch="true" condition-coverage="50% (1/2)"/>
            <line number="30" hits="1" branch="false"/>
            <line number="31" hits="1" branch="false"/>
            <line number="35" hits="80" branch="false"/>
            <line number="36" hits="80" branch="false"/>
            <line number="37" hits="80" branch="true" condition-coverage="100% (2/2)"/>
            <line number="38" hits="6" branch="false"/>
            <line number="40" hits="74" branch="true" condition-coverage="100% (2/2)"/>
            <line number="41" hits="72" branch="false"/>
            <line number="43" hits="2" branch="true" condition-coverage="50% (1/2)"/>
            <line number="44" hits="2" branch="false"/>
            <line number="46" hits="80" branch="false"/>
            <line number="47" hits="80" branch="false"/>
            <line number="48" hits="80" branch="false"/>
            <line number="50" hits="80" branch="false"/>
            <line number="54" hits="651" branch="false"/>
            <line number="55" hits="1292" branch="true" condition-coverage="100% (2/2)"/>
            <line number="56" hits="14" branch="false"/>
            <line number="59" hits="637" branch="false"/>
            <line number="69" hits="40" branch="false"/>
            <line number="70" hits="40" branch="false"/>
            <line number="71" hits="40" branch="false"/>
            <line number="73" hits="0" branch="false"/>
            <line number="74" hits="0" branch="false"/>
            <line number="79" hits="40" branch="false"/>
            <line number="80" hits="40" branch="false"/>
            <line number="81" hits="40" branch="true" condition-coverage="100% (3/3)"/>
            <line number="83" hits="0" branch="false"/>
            <line number="84" hits="0" branch="false"/>
            <line number="89" hits="40" branch="false"/>
            <line number="90" hits="40" branch="false"/>
            <line number="91" hits="40" branch="false"/>
            <line number="92" hits="40" branch="false"/>
            <line number="105" hits="40" branch="false"/>
            <line number="107" hits="0" branch="false"/>
            <line number="108" hits="0" branch="false"/>
            <line number="113" hits="40" branch="false"/>
            <line number="114" hits="40" branch="false"/>
            <line number="115" hits="40" branch="false"/>
            <line number="116" hits="40" branch="true" condition-coverage="100% (2/2)"/>
            <line number="117" hits="3" branch="false"/>
            <line number="119" hits="37" branch="true" condition-coverage="100% (2/2)"/>
            <line number="120" hits="36" branch="false"/>
            <line number="122" hits="1" branch="true" condition-coverage="50% (1/2)"/>
            <line number="123" hits="1" branch="false"/>
            <line number="125" hits="40" branch="false"/>
            <line number="126" hits="40" branch="true" condition-coverage="100% (3/3)"/>
            <line number="128" hits="0" branch="false"/>
            <line number="129" hits="0" branch="false"/>
            <line number="134" hits="40" branch="false"/>
            <line number="135" hits="40" branch="false"/>
            <line number="136" hits="40" branch="false"/>
            <line number="137" hits="40" branch="true" condition-coverage="100% (2/2)"/>
            <line number="138" hits="3" branch="false"/>
            <line number="140" hits="37" branch="true" condition-coverage="100% (2/2)"/>
            <line number="141" hits="36" branch="false"/>
            <line number="143" hits="1" branch="true" condition-coverage="50% (1/2)"/>
            <line number="144" hits="1" branch="false"/>
            <line number="146" hits="40" branch="false"/>
            <line number="148" hits="40" branch="false"/>
            <line number="150" hits="40" branch="false"/>
            <line number="152" hits="0" branch="false"/>
            <line number="153" hits="0" branch="false"/>
            <line number="158" hits="40" branch="false"/>
            <line number="159" hits="40" branch="false"/>
            <line number="160" hits="40" branch="false"/>
            <line number="161" hits="40" branch="false"/>
            <line number="162" hits="118" branch="false"/>
            <line number="163" hits="118" branch="false"/>
            <line number="164" hits="318" branch="true" condition-coverage="100% (5/5)"/>
            <line number="165" hits="5" branch="true" condition-coverage="100% (2/2)"/>
            <line number="166" hits="3" branch="false"/>
            <line number="168" hits="2" branch="false"/>
            <line number="169" hits="2" branch="false"/>
            <line number="173" hits="40" branch="true" condition-coverage="100% (2/2)"/>
            <line number="174" hits="1" branch="false"/>
            <line number="175" hits="1" branch="false"/>
            <line number="176" hits="1" branch="false"/>
            <line number="178" hits="39" branch="false"/>
            <line number="180" hits="0" branch="false"/>
            <line number="181" hits="0" branch="false"/>
            <line number="186" hits="40" branch="false"/>
            <line number="187" hits="40" branch="false"/>
            <line number="188" hits="40" branch="false"/>
            <line number="189" hits="40" branch="false"/>
            <line number="190" hits="40" branch="false"/>
            <line number="191" hits="118" branch="false"/>
            <line number="192" hits="118" branch="false"/>
            <line number="193" hits="333" branch="true" condition-coverage="100% (5/5)"/>
            <line number="194" hits="3" branch="false"/>
            <line number="195" hits="3" branch="true" condition-coverage="50% (1/2)"/>
            <line number="196" hits="0" branch="false"/>
            <line number="198" hits="3" branch="false"/>
            <line number="199" hits="3" branch="false"/>
            <line number="203" hits="40" branch="true" condition-coverage="100% (2/2)"/>
            <line number="204" hits="2" branch="false"/>
            <line number="205" hits="2" branch="false"/>
            <line number="206" hits="2" branch="false"/>
            <line number="208" hits="38" branch="false"/>
            <line number="210" hits="0" branch="false"/>
            <line number="211" hits="0" branch="false"/>
            <line number="216" hits="40" branch="false"/>
            <line number="217" hits="40" branch="false"/>
            <line number="218" hits="40" branch="false"/>
            <line number="219" hits="40" branch="false"/>
            <line number="220" hits="40" branch="false"/>
            <line number="222" hits="40" branch="false"/>
            <line number="224" hits="40" branch="true" condition-coverage="100% (2/2)"/>
            <line number="225" hits="1" branch="false"/>
            <line number="234" hits="1" branch="false"/>
            <line number="236" hits="39" branch="false"/>
            <line number="238" hits="0" branch="false"/>
            <line number="239" hits="0" branch="false"/>
            <line number="245" hits="1" branch="false"/>
            <line number="246" hits="1" branch="false"/>
            <line number="248" hits="1" branch="false"/>
          </lines>
        </class>
      </classes>
    </package>
  </packages>
</coverage>
